{"/Users/Fitch/alchemy/career-track/data-structures-and-algorithms/Data-Structures/linkedList/linked-list.js": {"path":"/Users/Fitch/alchemy/career-track/data-structures-and-algorithms/Data-Structures/linkedList/linked-list.js","statementMap":{"0":{"start":{"line":3,"column":4},"end":{"line":3,"column":23}},"1":{"start":{"line":4,"column":4},"end":{"line":4,"column":21}},"2":{"start":{"line":10,"column":4},"end":{"line":10,"column":21}},"3":{"start":{"line":14,"column":20},"end":{"line":14,"column":46}},"4":{"start":{"line":15,"column":4},"end":{"line":15,"column":24}},"5":{"start":{"line":16,"column":4},"end":{"line":16,"column":19}},"6":{"start":{"line":20,"column":15},"end":{"line":20,"column":20}},"7":{"start":{"line":21,"column":22},"end":{"line":21,"column":31}},"8":{"start":{"line":22,"column":4},"end":{"line":25,"column":5}},"9":{"start":{"line":23,"column":6},"end":{"line":23,"column":57}},"10":{"start":{"line":23,"column":38},"end":{"line":23,"column":57}},"11":{"start":{"line":24,"column":6},"end":{"line":24,"column":37}},"12":{"start":{"line":26,"column":4},"end":{"line":26,"column":16}},"13":{"start":{"line":30,"column":14},"end":{"line":30,"column":16}},"14":{"start":{"line":31,"column":22},"end":{"line":31,"column":31}},"15":{"start":{"line":32,"column":4},"end":{"line":36,"column":5}},"16":{"start":{"line":33,"column":6},"end":{"line":33,"column":50}},"17":{"start":{"line":33,"column":36},"end":{"line":33,"column":50}},"18":{"start":{"line":34,"column":6},"end":{"line":34,"column":41}},"19":{"start":{"line":35,"column":6},"end":{"line":35,"column":37}},"20":{"start":{"line":37,"column":4},"end":{"line":37,"column":15}},"21":{"start":{"line":41,"column":0},"end":{"line":43,"column":2}}},"fnMap":{"0":{"name":"(anonymous_0)","decl":{"start":{"line":2,"column":2},"end":{"line":2,"column":3}},"loc":{"start":{"line":2,"column":27},"end":{"line":5,"column":3}},"line":2},"1":{"name":"(anonymous_1)","decl":{"start":{"line":9,"column":2},"end":{"line":9,"column":3}},"loc":{"start":{"line":9,"column":16},"end":{"line":11,"column":3}},"line":9},"2":{"name":"(anonymous_2)","decl":{"start":{"line":13,"column":2},"end":{"line":13,"column":3}},"loc":{"start":{"line":13,"column":16},"end":{"line":17,"column":3}},"line":13},"3":{"name":"(anonymous_3)","decl":{"start":{"line":19,"column":2},"end":{"line":19,"column":3}},"loc":{"start":{"line":19,"column":18},"end":{"line":27,"column":3}},"line":19},"4":{"name":"(anonymous_4)","decl":{"start":{"line":29,"column":2},"end":{"line":29,"column":3}},"loc":{"start":{"line":29,"column":13},"end":{"line":38,"column":3}},"line":29}},"branchMap":{"0":{"loc":{"start":{"line":23,"column":6},"end":{"line":23,"column":57}},"type":"if","locations":[{"start":{"line":23,"column":6},"end":{"line":23,"column":57}},{"start":{"line":23,"column":6},"end":{"line":23,"column":57}}],"line":23},"1":{"loc":{"start":{"line":33,"column":6},"end":{"line":33,"column":50}},"type":"if","locations":[{"start":{"line":33,"column":6},"end":{"line":33,"column":50}},{"start":{"line":33,"column":6},"end":{"line":33,"column":50}}],"line":33}},"s":{"0":16,"1":16,"2":7,"3":16,"4":16,"5":16,"6":2,"7":2,"8":2,"9":5,"10":1,"11":4,"12":1,"13":1,"14":1,"15":1,"16":4,"17":3,"18":4,"19":4,"20":1,"21":1},"f":{"0":16,"1":7,"2":16,"3":2,"4":1},"b":{"0":[1,4],"1":[3,1]},"_coverageSchema":"1a1c01bbd47fc00a2c39e90264f33305004495a9","hash":"9d5fe6829869e4027897b409a3cedf5c06cdb926"}
}
