{"/Users/Fitch/alchemy/career-track/data-structures-and-algorithms/Data-Structures/linkedList/linked-list.js": {"path":"/Users/Fitch/alchemy/career-track/data-structures-and-algorithms/Data-Structures/linkedList/linked-list.js","statementMap":{"0":{"start":{"line":3,"column":4},"end":{"line":3,"column":23}},"1":{"start":{"line":4,"column":4},"end":{"line":4,"column":21}},"2":{"start":{"line":10,"column":4},"end":{"line":10,"column":21}},"3":{"start":{"line":14,"column":20},"end":{"line":14,"column":46}},"4":{"start":{"line":15,"column":4},"end":{"line":15,"column":24}},"5":{"start":{"line":16,"column":4},"end":{"line":16,"column":19}},"6":{"start":{"line":20,"column":15},"end":{"line":20,"column":20}},"7":{"start":{"line":21,"column":22},"end":{"line":21,"column":31}},"8":{"start":{"line":22,"column":4},"end":{"line":25,"column":5}},"9":{"start":{"line":23,"column":6},"end":{"line":23,"column":57}},"10":{"start":{"line":23,"column":38},"end":{"line":23,"column":57}},"11":{"start":{"line":24,"column":6},"end":{"line":24,"column":37}},"12":{"start":{"line":26,"column":4},"end":{"line":26,"column":16}},"13":{"start":{"line":30,"column":14},"end":{"line":30,"column":16}},"14":{"start":{"line":31,"column":22},"end":{"line":31,"column":31}},"15":{"start":{"line":32,"column":4},"end":{"line":36,"column":5}},"16":{"start":{"line":33,"column":6},"end":{"line":33,"column":50}},"17":{"start":{"line":33,"column":36},"end":{"line":33,"column":50}},"18":{"start":{"line":34,"column":6},"end":{"line":34,"column":41}},"19":{"start":{"line":35,"column":6},"end":{"line":35,"column":37}},"20":{"start":{"line":37,"column":4},"end":{"line":37,"column":15}},"21":{"start":{"line":41,"column":20},"end":{"line":41,"column":41}},"22":{"start":{"line":42,"column":22},"end":{"line":42,"column":31}},"23":{"start":{"line":43,"column":4},"end":{"line":49,"column":5}},"24":{"start":{"line":44,"column":6},"end":{"line":47,"column":7}},"25":{"start":{"line":45,"column":8},"end":{"line":45,"column":35}},"26":{"start":{"line":46,"column":8},"end":{"line":46,"column":15}},"27":{"start":{"line":48,"column":6},"end":{"line":48,"column":37}},"28":{"start":{"line":53,"column":20},"end":{"line":53,"column":45}},"29":{"start":{"line":54,"column":22},"end":{"line":54,"column":31}},"30":{"start":{"line":55,"column":4},"end":{"line":63,"column":5}},"31":{"start":{"line":56,"column":6},"end":{"line":61,"column":7}},"32":{"start":{"line":57,"column":21},"end":{"line":57,"column":51}},"33":{"start":{"line":58,"column":8},"end":{"line":58,"column":42}},"34":{"start":{"line":59,"column":8},"end":{"line":59,"column":32}},"35":{"start":{"line":60,"column":8},"end":{"line":60,"column":15}},"36":{"start":{"line":62,"column":6},"end":{"line":62,"column":37}},"37":{"start":{"line":67,"column":20},"end":{"line":67,"column":45}},"38":{"start":{"line":68,"column":22},"end":{"line":68,"column":31}},"39":{"start":{"line":69,"column":4},"end":{"line":76,"column":5}},"40":{"start":{"line":70,"column":6},"end":{"line":74,"column":7}},"41":{"start":{"line":71,"column":8},"end":{"line":71,"column":40}},"42":{"start":{"line":72,"column":8},"end":{"line":72,"column":35}},"43":{"start":{"line":73,"column":8},"end":{"line":73,"column":25}},"44":{"start":{"line":75,"column":6},"end":{"line":75,"column":37}},"45":{"start":{"line":80,"column":22},"end":{"line":80,"column":31}},"46":{"start":{"line":81,"column":21},"end":{"line":81,"column":22}},"47":{"start":{"line":82,"column":18},"end":{"line":82,"column":19}},"48":{"start":{"line":83,"column":4},"end":{"line":93,"column":5}},"49":{"start":{"line":84,"column":6},"end":{"line":92,"column":7}},"50":{"start":{"line":85,"column":8},"end":{"line":85,"column":21}},"51":{"start":{"line":86,"column":8},"end":{"line":86,"column":39}},"52":{"start":{"line":88,"column":8},"end":{"line":88,"column":21}},"53":{"start":{"line":89,"column":8},"end":{"line":89,"column":33}},"54":{"start":{"line":90,"column":8},"end":{"line":90,"column":53}},"55":{"start":{"line":90,"column":34},"end":{"line":90,"column":53}},"56":{"start":{"line":91,"column":8},"end":{"line":91,"column":27}},"57":{"start":{"line":94,"column":4},"end":{"line":94,"column":28}},"58":{"start":{"line":95,"column":4},"end":{"line":98,"column":5}},"59":{"start":{"line":96,"column":6},"end":{"line":96,"column":37}},"60":{"start":{"line":97,"column":6},"end":{"line":97,"column":16}},"61":{"start":{"line":99,"column":4},"end":{"line":99,"column":29}},"62":{"start":{"line":103,"column":22},"end":{"line":103,"column":31}},"63":{"start":{"line":104,"column":21},"end":{"line":104,"column":22}},"64":{"start":{"line":105,"column":20},"end":{"line":105,"column":21}},"65":{"start":{"line":106,"column":4},"end":{"line":116,"column":5}},"66":{"start":{"line":107,"column":6},"end":{"line":115,"column":7}},"67":{"start":{"line":108,"column":8},"end":{"line":108,"column":21}},"68":{"start":{"line":109,"column":8},"end":{"line":109,"column":39}},"69":{"start":{"line":111,"column":8},"end":{"line":111,"column":21}},"70":{"start":{"line":112,"column":8},"end":{"line":112,"column":35}},"71":{"start":{"line":113,"column":8},"end":{"line":113,"column":64}},"72":{"start":{"line":113,"column":40},"end":{"line":113,"column":64}},"73":{"start":{"line":114,"column":8},"end":{"line":114,"column":27}},"74":{"start":{"line":117,"column":4},"end":{"line":117,"column":28}},"75":{"start":{"line":118,"column":4},"end":{"line":121,"column":5}},"76":{"start":{"line":119,"column":6},"end":{"line":119,"column":37}},"77":{"start":{"line":120,"column":6},"end":{"line":120,"column":18}},"78":{"start":{"line":122,"column":4},"end":{"line":122,"column":29}},"79":{"start":{"line":127,"column":0},"end":{"line":129,"column":2}}},"fnMap":{"0":{"name":"(anonymous_0)","decl":{"start":{"line":2,"column":2},"end":{"line":2,"column":3}},"loc":{"start":{"line":2,"column":27},"end":{"line":5,"column":3}},"line":2},"1":{"name":"(anonymous_1)","decl":{"start":{"line":9,"column":2},"end":{"line":9,"column":3}},"loc":{"start":{"line":9,"column":16},"end":{"line":11,"column":3}},"line":9},"2":{"name":"(anonymous_2)","decl":{"start":{"line":13,"column":2},"end":{"line":13,"column":3}},"loc":{"start":{"line":13,"column":16},"end":{"line":17,"column":3}},"line":13},"3":{"name":"(anonymous_3)","decl":{"start":{"line":19,"column":2},"end":{"line":19,"column":3}},"loc":{"start":{"line":19,"column":18},"end":{"line":27,"column":3}},"line":19},"4":{"name":"(anonymous_4)","decl":{"start":{"line":29,"column":2},"end":{"line":29,"column":3}},"loc":{"start":{"line":29,"column":13},"end":{"line":38,"column":3}},"line":29},"5":{"name":"(anonymous_5)","decl":{"start":{"line":40,"column":2},"end":{"line":40,"column":3}},"loc":{"start":{"line":40,"column":16},"end":{"line":50,"column":3}},"line":40},"6":{"name":"(anonymous_6)","decl":{"start":{"line":52,"column":2},"end":{"line":52,"column":3}},"loc":{"start":{"line":52,"column":32},"end":{"line":64,"column":3}},"line":52},"7":{"name":"(anonymous_7)","decl":{"start":{"line":66,"column":2},"end":{"line":66,"column":3}},"loc":{"start":{"line":66,"column":31},"end":{"line":77,"column":3}},"line":66},"8":{"name":"(anonymous_8)","decl":{"start":{"line":79,"column":2},"end":{"line":79,"column":3}},"loc":{"start":{"line":79,"column":16},"end":{"line":100,"column":3}},"line":79},"9":{"name":"(anonymous_9)","decl":{"start":{"line":102,"column":2},"end":{"line":102,"column":3}},"loc":{"start":{"line":102,"column":11},"end":{"line":123,"column":3}},"line":102}},"branchMap":{"0":{"loc":{"start":{"line":23,"column":6},"end":{"line":23,"column":57}},"type":"if","locations":[{"start":{"line":23,"column":6},"end":{"line":23,"column":57}},{"start":{"line":23,"column":6},"end":{"line":23,"column":57}}],"line":23},"1":{"loc":{"start":{"line":33,"column":6},"end":{"line":33,"column":50}},"type":"if","locations":[{"start":{"line":33,"column":6},"end":{"line":33,"column":50}},{"start":{"line":33,"column":6},"end":{"line":33,"column":50}}],"line":33},"2":{"loc":{"start":{"line":44,"column":6},"end":{"line":47,"column":7}},"type":"if","locations":[{"start":{"line":44,"column":6},"end":{"line":47,"column":7}},{"start":{"line":44,"column":6},"end":{"line":47,"column":7}}],"line":44},"3":{"loc":{"start":{"line":56,"column":6},"end":{"line":61,"column":7}},"type":"if","locations":[{"start":{"line":56,"column":6},"end":{"line":61,"column":7}},{"start":{"line":56,"column":6},"end":{"line":61,"column":7}}],"line":56},"4":{"loc":{"start":{"line":70,"column":6},"end":{"line":74,"column":7}},"type":"if","locations":[{"start":{"line":70,"column":6},"end":{"line":74,"column":7}},{"start":{"line":70,"column":6},"end":{"line":74,"column":7}}],"line":70},"5":{"loc":{"start":{"line":84,"column":6},"end":{"line":92,"column":7}},"type":"if","locations":[{"start":{"line":84,"column":6},"end":{"line":92,"column":7}},{"start":{"line":84,"column":6},"end":{"line":92,"column":7}}],"line":84},"6":{"loc":{"start":{"line":90,"column":8},"end":{"line":90,"column":53}},"type":"if","locations":[{"start":{"line":90,"column":8},"end":{"line":90,"column":53}},{"start":{"line":90,"column":8},"end":{"line":90,"column":53}}],"line":90},"7":{"loc":{"start":{"line":90,"column":11},"end":{"line":90,"column":32}},"type":"binary-expr","locations":[{"start":{"line":90,"column":11},"end":{"line":90,"column":23}},{"start":{"line":90,"column":27},"end":{"line":90,"column":32}}],"line":90},"8":{"loc":{"start":{"line":107,"column":6},"end":{"line":115,"column":7}},"type":"if","locations":[{"start":{"line":107,"column":6},"end":{"line":115,"column":7}},{"start":{"line":107,"column":6},"end":{"line":115,"column":7}}],"line":107},"9":{"loc":{"start":{"line":113,"column":8},"end":{"line":113,"column":64}},"type":"if","locations":[{"start":{"line":113,"column":8},"end":{"line":113,"column":64}},{"start":{"line":113,"column":8},"end":{"line":113,"column":64}}],"line":113}},"s":{"0":0,"1":0,"2":0,"3":0,"4":0,"5":0,"6":0,"7":0,"8":0,"9":0,"10":0,"11":0,"12":0,"13":0,"14":0,"15":0,"16":0,"17":0,"18":0,"19":0,"20":0,"21":0,"22":0,"23":0,"24":0,"25":0,"26":0,"27":0,"28":0,"29":0,"30":0,"31":0,"32":0,"33":0,"34":0,"35":0,"36":0,"37":0,"38":0,"39":0,"40":0,"41":0,"42":0,"43":0,"44":0,"45":0,"46":0,"47":0,"48":0,"49":0,"50":0,"51":0,"52":0,"53":0,"54":0,"55":0,"56":0,"57":0,"58":0,"59":0,"60":0,"61":0,"62":0,"63":0,"64":0,"65":0,"66":0,"67":0,"68":0,"69":0,"70":0,"71":0,"72":0,"73":0,"74":0,"75":0,"76":0,"77":0,"78":0,"79":2},"f":{"0":0,"1":0,"2":0,"3":0,"4":0,"5":0,"6":0,"7":0,"8":0,"9":0},"b":{"0":[0,0],"1":[0,0],"2":[0,0],"3":[0,0],"4":[0,0],"5":[0,0],"6":[0,0],"7":[0,0],"8":[0,0],"9":[0,0]},"_coverageSchema":"1a1c01bbd47fc00a2c39e90264f33305004495a9","hash":"cba27194aaa958aaacd414165e83b4515ac9f568"}
,"/Users/Fitch/alchemy/career-track/data-structures-and-algorithms/Data-Structures/stacksAndQueues/stacks-and-queues.js": {"path":"/Users/Fitch/alchemy/career-track/data-structures-and-algorithms/Data-Structures/stacksAndQueues/stacks-and-queues.js","statementMap":{"0":{"start":{"line":3,"column":4},"end":{"line":3,"column":23}},"1":{"start":{"line":4,"column":4},"end":{"line":4,"column":27}},"2":{"start":{"line":10,"column":4},"end":{"line":10,"column":20}},"3":{"start":{"line":14,"column":17},"end":{"line":14,"column":42}},"4":{"start":{"line":15,"column":4},"end":{"line":15,"column":20}},"5":{"start":{"line":16,"column":4},"end":{"line":16,"column":16}},"6":{"start":{"line":20,"column":4},"end":{"line":20,"column":37}},"7":{"start":{"line":20,"column":18},"end":{"line":20,"column":37}},"8":{"start":{"line":21,"column":19},"end":{"line":21,"column":33}},"9":{"start":{"line":22,"column":4},"end":{"line":22,"column":32}},"10":{"start":{"line":23,"column":4},"end":{"line":23,"column":18}},"11":{"start":{"line":27,"column":4},"end":{"line":27,"column":37}},"12":{"start":{"line":27,"column":18},"end":{"line":27,"column":37}},"13":{"start":{"line":28,"column":20},"end":{"line":28,"column":34}},"14":{"start":{"line":29,"column":4},"end":{"line":29,"column":19}},"15":{"start":{"line":33,"column":4},"end":{"line":33,"column":36}},"16":{"start":{"line":40,"column":4},"end":{"line":40,"column":22}},"17":{"start":{"line":44,"column":17},"end":{"line":44,"column":38}},"18":{"start":{"line":45,"column":22},"end":{"line":45,"column":32}},"19":{"start":{"line":46,"column":4},"end":{"line":46,"column":46}},"20":{"start":{"line":46,"column":21},"end":{"line":46,"column":46}},"21":{"start":{"line":47,"column":4},"end":{"line":53,"column":5}},"22":{"start":{"line":48,"column":6},"end":{"line":51,"column":7}},"23":{"start":{"line":49,"column":8},"end":{"line":49,"column":35}},"24":{"start":{"line":50,"column":8},"end":{"line":50,"column":26}},"25":{"start":{"line":52,"column":6},"end":{"line":52,"column":40}},"26":{"start":{"line":57,"column":4},"end":{"line":57,"column":39}},"27":{"start":{"line":57,"column":20},"end":{"line":57,"column":39}},"28":{"start":{"line":58,"column":25},"end":{"line":58,"column":41}},"29":{"start":{"line":59,"column":4},"end":{"line":59,"column":36}},"30":{"start":{"line":60,"column":4},"end":{"line":60,"column":24}},"31":{"start":{"line":64,"column":4},"end":{"line":64,"column":39}},"32":{"start":{"line":64,"column":20},"end":{"line":64,"column":39}},"33":{"start":{"line":65,"column":20},"end":{"line":65,"column":36}},"34":{"start":{"line":66,"column":4},"end":{"line":66,"column":19}},"35":{"start":{"line":70,"column":4},"end":{"line":70,"column":38}},"36":{"start":{"line":75,"column":0},"end":{"line":78,"column":2}}},"fnMap":{"0":{"name":"(anonymous_0)","decl":{"start":{"line":2,"column":2},"end":{"line":2,"column":3}},"loc":{"start":{"line":2,"column":30},"end":{"line":5,"column":3}},"line":2},"1":{"name":"(anonymous_1)","decl":{"start":{"line":9,"column":2},"end":{"line":9,"column":3}},"loc":{"start":{"line":9,"column":16},"end":{"line":11,"column":3}},"line":9},"2":{"name":"(anonymous_2)","decl":{"start":{"line":13,"column":2},"end":{"line":13,"column":3}},"loc":{"start":{"line":13,"column":14},"end":{"line":17,"column":3}},"line":13},"3":{"name":"(anonymous_3)","decl":{"start":{"line":19,"column":2},"end":{"line":19,"column":3}},"loc":{"start":{"line":19,"column":8},"end":{"line":24,"column":3}},"line":19},"4":{"name":"(anonymous_4)","decl":{"start":{"line":26,"column":2},"end":{"line":26,"column":3}},"loc":{"start":{"line":26,"column":9},"end":{"line":30,"column":3}},"line":26},"5":{"name":"(anonymous_5)","decl":{"start":{"line":32,"column":2},"end":{"line":32,"column":3}},"loc":{"start":{"line":32,"column":12},"end":{"line":34,"column":3}},"line":32},"6":{"name":"(anonymous_6)","decl":{"start":{"line":39,"column":2},"end":{"line":39,"column":3}},"loc":{"start":{"line":39,"column":16},"end":{"line":41,"column":3}},"line":39},"7":{"name":"(anonymous_7)","decl":{"start":{"line":43,"column":2},"end":{"line":43,"column":3}},"loc":{"start":{"line":43,"column":17},"end":{"line":54,"column":3}},"line":43},"8":{"name":"(anonymous_8)","decl":{"start":{"line":56,"column":2},"end":{"line":56,"column":3}},"loc":{"start":{"line":56,"column":12},"end":{"line":61,"column":3}},"line":56},"9":{"name":"(anonymous_9)","decl":{"start":{"line":63,"column":2},"end":{"line":63,"column":3}},"loc":{"start":{"line":63,"column":9},"end":{"line":67,"column":3}},"line":63},"10":{"name":"(anonymous_10)","decl":{"start":{"line":69,"column":2},"end":{"line":69,"column":3}},"loc":{"start":{"line":69,"column":12},"end":{"line":71,"column":3}},"line":69}},"branchMap":{"0":{"loc":{"start":{"line":20,"column":4},"end":{"line":20,"column":37}},"type":"if","locations":[{"start":{"line":20,"column":4},"end":{"line":20,"column":37}},{"start":{"line":20,"column":4},"end":{"line":20,"column":37}}],"line":20},"1":{"loc":{"start":{"line":27,"column":4},"end":{"line":27,"column":37}},"type":"if","locations":[{"start":{"line":27,"column":4},"end":{"line":27,"column":37}},{"start":{"line":27,"column":4},"end":{"line":27,"column":37}}],"line":27},"2":{"loc":{"start":{"line":33,"column":11},"end":{"line":33,"column":35}},"type":"cond-expr","locations":[{"start":{"line":33,"column":23},"end":{"line":33,"column":27}},{"start":{"line":33,"column":30},"end":{"line":33,"column":35}}],"line":33},"3":{"loc":{"start":{"line":46,"column":4},"end":{"line":46,"column":46}},"type":"if","locations":[{"start":{"line":46,"column":4},"end":{"line":46,"column":46}},{"start":{"line":46,"column":4},"end":{"line":46,"column":46}}],"line":46},"4":{"loc":{"start":{"line":48,"column":6},"end":{"line":51,"column":7}},"type":"if","locations":[{"start":{"line":48,"column":6},"end":{"line":51,"column":7}},{"start":{"line":48,"column":6},"end":{"line":51,"column":7}}],"line":48},"5":{"loc":{"start":{"line":57,"column":4},"end":{"line":57,"column":39}},"type":"if","locations":[{"start":{"line":57,"column":4},"end":{"line":57,"column":39}},{"start":{"line":57,"column":4},"end":{"line":57,"column":39}}],"line":57},"6":{"loc":{"start":{"line":64,"column":4},"end":{"line":64,"column":39}},"type":"if","locations":[{"start":{"line":64,"column":4},"end":{"line":64,"column":39}},{"start":{"line":64,"column":4},"end":{"line":64,"column":39}}],"line":64},"7":{"loc":{"start":{"line":70,"column":11},"end":{"line":70,"column":37}},"type":"cond-expr","locations":[{"start":{"line":70,"column":25},"end":{"line":70,"column":29}},{"start":{"line":70,"column":32},"end":{"line":70,"column":37}}],"line":70}},"s":{"0":0,"1":0,"2":0,"3":0,"4":0,"5":0,"6":0,"7":0,"8":0,"9":0,"10":0,"11":0,"12":0,"13":0,"14":0,"15":0,"16":0,"17":0,"18":0,"19":0,"20":0,"21":0,"22":0,"23":0,"24":0,"25":0,"26":0,"27":0,"28":0,"29":0,"30":0,"31":0,"32":0,"33":0,"34":0,"35":0,"36":2},"f":{"0":0,"1":0,"2":0,"3":0,"4":0,"5":0,"6":0,"7":0,"8":0,"9":0,"10":0},"b":{"0":[0,0],"1":[0,0],"2":[0,0],"3":[0,0],"4":[0,0],"5":[0,0],"6":[0,0],"7":[0,0]},"_coverageSchema":"1a1c01bbd47fc00a2c39e90264f33305004495a9","hash":"c2b44289d331059eeda48ee1d0224e4e3235254b"}
,"/Users/Fitch/alchemy/career-track/data-structures-and-algorithms/challenges/arrayBinarySearch/array-binary-search.js": {"path":"/Users/Fitch/alchemy/career-track/data-structures-and-algorithms/challenges/arrayBinarySearch/array-binary-search.js","statementMap":{"0":{"start":{"line":1,"column":21},"end":{"line":5,"column":1}},"1":{"start":{"line":2,"column":2},"end":{"line":4,"column":3}},"2":{"start":{"line":2,"column":14},"end":{"line":2,"column":15}},"3":{"start":{"line":3,"column":4},"end":{"line":3,"column":32}},"4":{"start":{"line":3,"column":23},"end":{"line":3,"column":32}},"5":{"start":{"line":7,"column":0},"end":{"line":9,"column":2}}},"fnMap":{"0":{"name":"(anonymous_0)","decl":{"start":{"line":1,"column":21},"end":{"line":1,"column":22}},"loc":{"start":{"line":1,"column":35},"end":{"line":5,"column":1}},"line":1}},"branchMap":{"0":{"loc":{"start":{"line":3,"column":4},"end":{"line":3,"column":32}},"type":"if","locations":[{"start":{"line":3,"column":4},"end":{"line":3,"column":32}},{"start":{"line":3,"column":4},"end":{"line":3,"column":32}}],"line":3}},"s":{"0":1,"1":0,"2":0,"3":0,"4":0,"5":1},"f":{"0":0},"b":{"0":[0,0]},"_coverageSchema":"1a1c01bbd47fc00a2c39e90264f33305004495a9","hash":"f7e97c36f26f5406e618a0afba729ae8e611cb37"}
,"/Users/Fitch/alchemy/career-track/data-structures-and-algorithms/challenges/arrayMap/array-map.js": {"path":"/Users/Fitch/alchemy/career-track/data-structures-and-algorithms/challenges/arrayMap/array-map.js","statementMap":{"0":{"start":{"line":1,"column":12},"end":{"line":7,"column":1}},"1":{"start":{"line":2,"column":15},"end":{"line":2,"column":17}},"2":{"start":{"line":3,"column":2},"end":{"line":5,"column":3}},"3":{"start":{"line":3,"column":14},"end":{"line":3,"column":15}},"4":{"start":{"line":4,"column":4},"end":{"line":4,"column":29}},"5":{"start":{"line":6,"column":2},"end":{"line":6,"column":16}},"6":{"start":{"line":9,"column":0},"end":{"line":11,"column":2}}},"fnMap":{"0":{"name":"(anonymous_0)","decl":{"start":{"line":1,"column":12},"end":{"line":1,"column":13}},"loc":{"start":{"line":1,"column":27},"end":{"line":7,"column":1}},"line":1}},"branchMap":{},"s":{"0":1,"1":0,"2":0,"3":0,"4":0,"5":0,"6":1},"f":{"0":0},"b":{},"_coverageSchema":"1a1c01bbd47fc00a2c39e90264f33305004495a9","hash":"39c6cf02a2ba2e5386477a6a10ad6b36435966a0"}
,"/Users/Fitch/alchemy/career-track/data-structures-and-algorithms/challenges/arrayShift/array-shift.js": {"path":"/Users/Fitch/alchemy/career-track/data-structures-and-algorithms/challenges/arrayShift/array-shift.js","statementMap":{"0":{"start":{"line":1,"column":25},"end":{"line":16,"column":1}},"1":{"start":{"line":2,"column":15},"end":{"line":2,"column":17}},"2":{"start":{"line":3,"column":17},"end":{"line":3,"column":42}},"3":{"start":{"line":5,"column":2},"end":{"line":14,"column":3}},"4":{"start":{"line":5,"column":15},"end":{"line":5,"column":16}},"5":{"start":{"line":6,"column":4},"end":{"line":12,"column":5}},"6":{"start":{"line":7,"column":6},"end":{"line":7,"column":25}},"7":{"start":{"line":8,"column":11},"end":{"line":12,"column":5}},"8":{"start":{"line":9,"column":6},"end":{"line":9,"column":22}},"9":{"start":{"line":11,"column":6},"end":{"line":11,"column":29}},"10":{"start":{"line":15,"column":2},"end":{"line":15,"column":16}},"11":{"start":{"line":18,"column":0},"end":{"line":20,"column":1}}},"fnMap":{"0":{"name":"(anonymous_0)","decl":{"start":{"line":1,"column":25},"end":{"line":1,"column":26}},"loc":{"start":{"line":1,"column":39},"end":{"line":16,"column":1}},"line":1}},"branchMap":{"0":{"loc":{"start":{"line":6,"column":4},"end":{"line":12,"column":5}},"type":"if","locations":[{"start":{"line":6,"column":4},"end":{"line":12,"column":5}},{"start":{"line":6,"column":4},"end":{"line":12,"column":5}}],"line":6},"1":{"loc":{"start":{"line":8,"column":11},"end":{"line":12,"column":5}},"type":"if","locations":[{"start":{"line":8,"column":11},"end":{"line":12,"column":5}},{"start":{"line":8,"column":11},"end":{"line":12,"column":5}}],"line":8}},"s":{"0":1,"1":0,"2":0,"3":0,"4":0,"5":0,"6":0,"7":0,"8":0,"9":0,"10":0,"11":1},"f":{"0":0},"b":{"0":[0,0],"1":[0,0]},"_coverageSchema":"1a1c01bbd47fc00a2c39e90264f33305004495a9","hash":"6b19e0a56dc666304b1bf7fb81f72b3fda50cdc2"}
,"/Users/Fitch/alchemy/career-track/data-structures-and-algorithms/challenges/fifoAnimalShelter/fifo-animal-shelter.js": {"path":"/Users/Fitch/alchemy/career-track/data-structures-and-algorithms/challenges/fifoAnimalShelter/fifo-animal-shelter.js","statementMap":{"0":{"start":{"line":3,"column":4},"end":{"line":3,"column":22}},"1":{"start":{"line":7,"column":4},"end":{"line":12,"column":5}},"2":{"start":{"line":8,"column":6},"end":{"line":8,"column":32}},"3":{"start":{"line":9,"column":6},"end":{"line":9,"column":26}},"4":{"start":{"line":11,"column":6},"end":{"line":11,"column":38}},"5":{"start":{"line":16,"column":4},"end":{"line":16,"column":53}},"6":{"start":{"line":16,"column":41},"end":{"line":16,"column":53}},"7":{"start":{"line":18,"column":4},"end":{"line":23,"column":7}},"8":{"start":{"line":19,"column":6},"end":{"line":22,"column":7}},"9":{"start":{"line":20,"column":8},"end":{"line":20,"column":28}},"10":{"start":{"line":21,"column":8},"end":{"line":21,"column":34}},"11":{"start":{"line":24,"column":4},"end":{"line":24,"column":22}},"12":{"start":{"line":29,"column":0},"end":{"line":31,"column":2}}},"fnMap":{"0":{"name":"(anonymous_0)","decl":{"start":{"line":2,"column":2},"end":{"line":2,"column":3}},"loc":{"start":{"line":2,"column":16},"end":{"line":4,"column":3}},"line":2},"1":{"name":"(anonymous_1)","decl":{"start":{"line":6,"column":2},"end":{"line":6,"column":3}},"loc":{"start":{"line":6,"column":18},"end":{"line":13,"column":3}},"line":6},"2":{"name":"(anonymous_2)","decl":{"start":{"line":15,"column":2},"end":{"line":15,"column":3}},"loc":{"start":{"line":15,"column":16},"end":{"line":25,"column":3}},"line":15},"3":{"name":"(anonymous_3)","decl":{"start":{"line":18,"column":25},"end":{"line":18,"column":26}},"loc":{"start":{"line":18,"column":40},"end":{"line":23,"column":5}},"line":18}},"branchMap":{"0":{"loc":{"start":{"line":7,"column":4},"end":{"line":12,"column":5}},"type":"if","locations":[{"start":{"line":7,"column":4},"end":{"line":12,"column":5}},{"start":{"line":7,"column":4},"end":{"line":12,"column":5}}],"line":7},"1":{"loc":{"start":{"line":7,"column":7},"end":{"line":7,"column":53}},"type":"binary-expr","locations":[{"start":{"line":7,"column":7},"end":{"line":7,"column":28}},{"start":{"line":7,"column":32},"end":{"line":7,"column":53}}],"line":7},"2":{"loc":{"start":{"line":16,"column":4},"end":{"line":16,"column":53}},"type":"if","locations":[{"start":{"line":16,"column":4},"end":{"line":16,"column":53}},{"start":{"line":16,"column":4},"end":{"line":16,"column":53}}],"line":16},"3":{"loc":{"start":{"line":16,"column":7},"end":{"line":16,"column":39}},"type":"binary-expr","locations":[{"start":{"line":16,"column":7},"end":{"line":16,"column":21}},{"start":{"line":16,"column":25},"end":{"line":16,"column":39}}],"line":16},"4":{"loc":{"start":{"line":19,"column":6},"end":{"line":22,"column":7}},"type":"if","locations":[{"start":{"line":19,"column":6},"end":{"line":22,"column":7}},{"start":{"line":19,"column":6},"end":{"line":22,"column":7}}],"line":19}},"s":{"0":8,"1":18,"2":17,"3":17,"4":1,"5":4,"6":1,"7":3,"8":9,"9":5,"10":5,"11":3,"12":1},"f":{"0":8,"1":18,"2":4,"3":9},"b":{"0":[17,1],"1":[18,8],"2":[1,3],"3":[4,3],"4":[5,4]},"_coverageSchema":"1a1c01bbd47fc00a2c39e90264f33305004495a9","hash":"3dd7c889bd9cc6cac129468a3b993790f39e55c1"}
,"/Users/Fitch/alchemy/career-track/data-structures-and-algorithms/challenges/llMerge/ll-merge.js": {"path":"/Users/Fitch/alchemy/career-track/data-structures-and-algorithms/challenges/llMerge/ll-merge.js","statementMap":{"0":{"start":{"line":1,"column":23},"end":{"line":1,"column":81}},"1":{"start":{"line":4,"column":21},"end":{"line":4,"column":37}},"2":{"start":{"line":5,"column":18},"end":{"line":5,"column":28}},"3":{"start":{"line":6,"column":18},"end":{"line":6,"column":28}},"4":{"start":{"line":7,"column":17},"end":{"line":7,"column":19}},"5":{"start":{"line":8,"column":2},"end":{"line":17,"column":3}},"6":{"start":{"line":9,"column":4},"end":{"line":12,"column":5}},"7":{"start":{"line":10,"column":6},"end":{"line":10,"column":37}},"8":{"start":{"line":11,"column":6},"end":{"line":11,"column":33}},"9":{"start":{"line":13,"column":4},"end":{"line":16,"column":5}},"10":{"start":{"line":14,"column":6},"end":{"line":14,"column":37}},"11":{"start":{"line":15,"column":6},"end":{"line":15,"column":33}},"12":{"start":{"line":18,"column":2},"end":{"line":18,"column":32}},"13":{"start":{"line":19,"column":2},"end":{"line":21,"column":5}},"14":{"start":{"line":20,"column":4},"end":{"line":20,"column":29}},"15":{"start":{"line":22,"column":2},"end":{"line":22,"column":20}},"16":{"start":{"line":25,"column":0},"end":{"line":25,"column":32}}},"fnMap":{"0":{"name":"mergeLists","decl":{"start":{"line":3,"column":9},"end":{"line":3,"column":19}},"loc":{"start":{"line":3,"column":34},"end":{"line":23,"column":1}},"line":3},"1":{"name":"(anonymous_1)","decl":{"start":{"line":19,"column":19},"end":{"line":19,"column":20}},"loc":{"start":{"line":19,"column":28},"end":{"line":21,"column":3}},"line":19}},"branchMap":{"0":{"loc":{"start":{"line":8,"column":8},"end":{"line":8,"column":30}},"type":"binary-expr","locations":[{"start":{"line":8,"column":8},"end":{"line":8,"column":17}},{"start":{"line":8,"column":21},"end":{"line":8,"column":30}}],"line":8},"1":{"loc":{"start":{"line":9,"column":4},"end":{"line":12,"column":5}},"type":"if","locations":[{"start":{"line":9,"column":4},"end":{"line":12,"column":5}},{"start":{"line":9,"column":4},"end":{"line":12,"column":5}}],"line":9},"2":{"loc":{"start":{"line":13,"column":4},"end":{"line":16,"column":5}},"type":"if","locations":[{"start":{"line":13,"column":4},"end":{"line":16,"column":5}},{"start":{"line":13,"column":4},"end":{"line":16,"column":5}}],"line":13}},"s":{"0":1,"1":0,"2":0,"3":0,"4":0,"5":0,"6":0,"7":0,"8":0,"9":0,"10":0,"11":0,"12":0,"13":0,"14":0,"15":0,"16":1},"f":{"0":0,"1":0},"b":{"0":[0,0],"1":[0,0],"2":[0,0]},"_coverageSchema":"1a1c01bbd47fc00a2c39e90264f33305004495a9","hash":"d40b9123e50e7642e3ad337b03f1bbc9e2eb7625"}
,"/Users/Fitch/alchemy/career-track/data-structures-and-algorithms/challenges/queueWithStacks/queue-with-stacks.js": {"path":"/Users/Fitch/alchemy/career-track/data-structures-and-algorithms/challenges/queueWithStacks/queue-with-stacks.js","statementMap":{"0":{"start":{"line":1,"column":18},"end":{"line":1,"column":87}},"1":{"start":{"line":5,"column":4},"end":{"line":5,"column":30}},"2":{"start":{"line":6,"column":4},"end":{"line":6,"column":30}},"3":{"start":{"line":10,"column":4},"end":{"line":10,"column":28}},"4":{"start":{"line":14,"column":22},"end":{"line":14,"column":33}},"5":{"start":{"line":16,"column":4},"end":{"line":20,"column":5}},"6":{"start":{"line":17,"column":6},"end":{"line":17,"column":34}},"7":{"start":{"line":18,"column":6},"end":{"line":18,"column":32}},"8":{"start":{"line":19,"column":6},"end":{"line":19,"column":36}},"9":{"start":{"line":21,"column":4},"end":{"line":21,"column":19}},"10":{"start":{"line":25,"column":0},"end":{"line":27,"column":2}}},"fnMap":{"0":{"name":"(anonymous_0)","decl":{"start":{"line":4,"column":2},"end":{"line":4,"column":3}},"loc":{"start":{"line":4,"column":16},"end":{"line":7,"column":3}},"line":4},"1":{"name":"(anonymous_1)","decl":{"start":{"line":9,"column":2},"end":{"line":9,"column":3}},"loc":{"start":{"line":9,"column":17},"end":{"line":11,"column":3}},"line":9},"2":{"name":"(anonymous_2)","decl":{"start":{"line":13,"column":2},"end":{"line":13,"column":3}},"loc":{"start":{"line":13,"column":12},"end":{"line":22,"column":3}},"line":13}},"branchMap":{},"s":{"0":1,"1":0,"2":0,"3":0,"4":0,"5":0,"6":0,"7":0,"8":0,"9":0,"10":1},"f":{"0":0,"1":0,"2":0},"b":{},"_coverageSchema":"1a1c01bbd47fc00a2c39e90264f33305004495a9","hash":"e09d88742c41e240f38e43d06d78087b0a85e48b"}
}
