TN:
SF:Data-Structures/linkedList/linked-list.js
FN:2,(anonymous_0)
FN:9,(anonymous_1)
FN:13,(anonymous_2)
FN:19,(anonymous_3)
FN:29,(anonymous_4)
FN:40,(anonymous_5)
FN:52,(anonymous_6)
FN:66,(anonymous_7)
FN:79,(anonymous_8)
FNF:9
FNH:9
FNDA:69,(anonymous_0)
FNDA:18,(anonymous_1)
FNDA:61,(anonymous_2)
FNDA:2,(anonymous_3)
FNDA:7,(anonymous_4)
FNDA:4,(anonymous_5)
FNDA:2,(anonymous_6)
FNDA:2,(anonymous_7)
FNDA:5,(anonymous_8)
DA:3,69
DA:4,69
DA:10,18
DA:14,61
DA:15,61
DA:16,61
DA:20,2
DA:21,2
DA:22,2
DA:23,5
DA:24,4
DA:26,1
DA:30,7
DA:31,7
DA:32,7
DA:33,36
DA:34,36
DA:35,36
DA:37,7
DA:41,4
DA:42,4
DA:43,4
DA:44,19
DA:45,4
DA:46,4
DA:48,15
DA:53,2
DA:54,2
DA:55,2
DA:56,4
DA:57,2
DA:58,2
DA:59,2
DA:60,2
DA:62,2
DA:67,2
DA:68,2
DA:69,2
DA:70,7
DA:71,2
DA:72,2
DA:73,2
DA:75,5
DA:80,5
DA:81,5
DA:82,5
DA:83,5
DA:84,21
DA:85,16
DA:86,16
DA:88,5
DA:89,5
DA:90,5
DA:91,3
DA:96,3
DA:97,3
DA:98,2
DA:99,2
DA:101,3
DA:106,1
LF:60
LH:60
BRDA:23,0,0,1
BRDA:23,0,1,4
BRDA:33,1,0,29
BRDA:33,1,1,7
BRDA:44,2,0,4
BRDA:44,2,1,15
BRDA:56,3,0,2
BRDA:56,3,1,2
BRDA:70,4,0,2
BRDA:70,4,1,5
BRDA:84,5,0,16
BRDA:84,5,1,5
BRDA:90,6,0,2
BRDA:90,6,1,3
BRDA:90,7,0,5
BRDA:90,7,1,4
BRF:16
BRH:16
end_of_record
TN:
SF:challenges/arrayBinarySearch/array-binary-search.js
FN:1,(anonymous_0)
FNF:1
FNH:0
FNDA:0,(anonymous_0)
DA:1,1
DA:2,0
DA:3,0
DA:7,1
LF:4
LH:2
BRDA:3,0,0,0
BRDA:3,0,1,0
BRF:2
BRH:0
end_of_record
TN:
SF:challenges/arrayMap/array-map.js
FN:1,(anonymous_0)
FNF:1
FNH:0
FNDA:0,(anonymous_0)
DA:1,1
DA:2,0
DA:3,0
DA:4,0
DA:6,0
DA:9,1
LF:6
LH:2
BRF:0
BRH:0
end_of_record
TN:
SF:challenges/arrayShift/array-shift.js
FN:1,(anonymous_0)
FNF:1
FNH:0
FNDA:0,(anonymous_0)
DA:1,1
DA:2,0
DA:3,0
DA:5,0
DA:6,0
DA:7,0
DA:8,0
DA:9,0
DA:11,0
DA:15,0
DA:18,1
LF:11
LH:2
BRDA:6,0,0,0
BRDA:6,0,1,0
BRDA:8,1,0,0
BRDA:8,1,1,0
BRF:4
BRH:0
end_of_record
